01-Jul-2024 17:29:22.066 SEVERE [main] org.apache.catalina.startup.Catalina.stopServer [localhost:8005] (base 포트 [8005] 그리고 offset [0])와(과) 연결할 수 없었습니다. Tomcat이 실행 중이지 않을 수 있습니다.
01-Jul-2024 17:29:26.899 INFO [main] org.apache.catalina.startup.VersionLoggerListener.log 서버 버전 이름:    Apache Tomcat/9.0.90
01-Jul-2024 17:29:26.903 INFO [main] org.apache.catalina.startup.VersionLoggerListener.log Server 빌드 시각:  Jun 14 2024 14:45:13 UTC
01-Jul-2024 17:29:26.903 INFO [main] org.apache.catalina.startup.VersionLoggerListener.log Server 버전 번호:  9.0.90.0
01-Jul-2024 17:29:26.903 INFO [main] org.apache.catalina.startup.VersionLoggerListener.log 운영체제 이름:     Windows 10
01-Jul-2024 17:29:26.903 INFO [main] org.apache.catalina.startup.VersionLoggerListener.log 운영체제 버전:     10.0
01-Jul-2024 17:29:26.903 INFO [main] org.apache.catalina.startup.VersionLoggerListener.log 아키텍처:          amd64
01-Jul-2024 17:29:26.903 INFO [main] org.apache.catalina.startup.VersionLoggerListener.log 자바 홈:           C:\Program Files\Java\jdk-17
01-Jul-2024 17:29:26.903 INFO [main] org.apache.catalina.startup.VersionLoggerListener.log JVM 버전:          17.0.11+7-LTS-207
01-Jul-2024 17:29:26.904 INFO [main] org.apache.catalina.startup.VersionLoggerListener.log JVM 벤더:          Oracle Corporation
01-Jul-2024 17:29:26.904 INFO [main] org.apache.catalina.startup.VersionLoggerListener.log CATALINA_BASE:     C:\javaStudy\tomcat9
01-Jul-2024 17:29:26.904 INFO [main] org.apache.catalina.startup.VersionLoggerListener.log CATALINA_HOME:     C:\javaStudy\tomcat9
01-Jul-2024 17:29:26.910 INFO [main] org.apache.catalina.startup.VersionLoggerListener.log 명령 행 아규먼트:  --add-opens=java.base/java.lang=ALL-UNNAMED
01-Jul-2024 17:29:26.911 INFO [main] org.apache.catalina.startup.VersionLoggerListener.log 명령 행 아규먼트:  --add-opens=java.base/java.io=ALL-UNNAMED
01-Jul-2024 17:29:26.911 INFO [main] org.apache.catalina.startup.VersionLoggerListener.log 명령 행 아규먼트:  --add-opens=java.base/java.util=ALL-UNNAMED
01-Jul-2024 17:29:26.911 INFO [main] org.apache.catalina.startup.VersionLoggerListener.log 명령 행 아규먼트:  --add-opens=java.base/java.util.concurrent=ALL-UNNAMED
01-Jul-2024 17:29:26.912 INFO [main] org.apache.catalina.startup.VersionLoggerListener.log 명령 행 아규먼트:  --add-opens=java.rmi/sun.rmi.transport=ALL-UNNAMED
01-Jul-2024 17:29:26.912 INFO [main] org.apache.catalina.startup.VersionLoggerListener.log 명령 행 아규먼트:  -Djava.util.logging.config.file=C:\javaStudy\tomcat9\conf\logging.properties
01-Jul-2024 17:29:26.912 INFO [main] org.apache.catalina.startup.VersionLoggerListener.log 명령 행 아규먼트:  -Djava.util.logging.manager=org.apache.juli.ClassLoaderLogManager
01-Jul-2024 17:29:26.913 INFO [main] org.apache.catalina.startup.VersionLoggerListener.log 명령 행 아규먼트:  -Djdk.tls.ephemeralDHKeySize=2048
01-Jul-2024 17:29:26.913 INFO [main] org.apache.catalina.startup.VersionLoggerListener.log 명령 행 아규먼트:  -Djava.protocol.handler.pkgs=org.apache.catalina.webresources
01-Jul-2024 17:29:26.913 INFO [main] org.apache.catalina.startup.VersionLoggerListener.log 명령 행 아규먼트:  -Dignore.endorsed.dirs=
01-Jul-2024 17:29:26.914 INFO [main] org.apache.catalina.startup.VersionLoggerListener.log 명령 행 아규먼트:  -Dcatalina.base=C:\javaStudy\tomcat9
01-Jul-2024 17:29:26.914 INFO [main] org.apache.catalina.startup.VersionLoggerListener.log 명령 행 아규먼트:  -Dcatalina.home=C:\javaStudy\tomcat9
01-Jul-2024 17:29:26.915 INFO [main] org.apache.catalina.startup.VersionLoggerListener.log 명령 행 아규먼트:  -Djava.io.tmpdir=C:\javaStudy\tomcat9\temp
01-Jul-2024 17:29:26.918 INFO [main] org.apache.catalina.core.AprLifecycleListener.lifecycleEvent APR 버전 [1.7.4]을(를) 사용한, APR 기반 Apache Tomcat Native 라이브러리 [1.3.0]을(를) 로드했습니다.
01-Jul-2024 17:29:26.920 INFO [main] org.apache.catalina.core.AprLifecycleListener.lifecycleEvent APR 용량정보들: IPv6 [true], sendfile [true], accept filters [false], random [true], UDS [true].
01-Jul-2024 17:29:26.921 INFO [main] org.apache.catalina.core.AprLifecycleListener.lifecycleEvent APR/OpenSSL 설정: useAprConnector [false], useOpenSSL [true]
01-Jul-2024 17:29:26.925 INFO [main] org.apache.catalina.core.AprLifecycleListener.initializeSSL OpenSSL이 성공적으로 초기화되었습니다: [OpenSSL 3.0.13 30 Jan 2024]
01-Jul-2024 17:29:27.105 INFO [main] org.apache.coyote.AbstractProtocol.init 프로토콜 핸들러 ["http-nio-8080"]을(를) 초기화합니다.
01-Jul-2024 17:29:27.127 INFO [main] org.apache.catalina.startup.Catalina.load [368] 밀리초 내에 서버가 초기화되었습니다.
01-Jul-2024 17:29:27.165 INFO [main] org.apache.catalina.core.StandardService.startInternal 서비스 [Catalina]을(를) 시작합니다.
01-Jul-2024 17:29:27.167 INFO [main] org.apache.catalina.core.StandardEngine.startInternal 서버 엔진을 시작합니다: [Apache Tomcat/9.0.90]
01-Jul-2024 17:29:27.174 INFO [main] org.apache.catalina.startup.HostConfig.deployDirectory 웹 애플리케이션 디렉토리 [C:\javaStudy\tomcat9\webapps\docs]을(를) 배치합니다.
01-Jul-2024 17:29:27.423 INFO [main] org.apache.catalina.startup.HostConfig.deployDirectory 웹 애플리케이션 디렉토리 [C:\javaStudy\tomcat9\webapps\docs]에 대한 배치가 [246] 밀리초에 완료되었습니다.
01-Jul-2024 17:29:27.425 INFO [main] org.apache.catalina.startup.HostConfig.deployDirectory 웹 애플리케이션 디렉토리 [C:\javaStudy\tomcat9\webapps\examples]을(를) 배치합니다.
01-Jul-2024 17:29:27.964 INFO [main] org.apache.catalina.startup.HostConfig.deployDirectory 웹 애플리케이션 디렉토리 [C:\javaStudy\tomcat9\webapps\examples]에 대한 배치가 [539] 밀리초에 완료되었습니다.
01-Jul-2024 17:29:27.965 INFO [main] org.apache.catalina.startup.HostConfig.deployDirectory 웹 애플리케이션 디렉토리 [C:\javaStudy\tomcat9\webapps\host-manager]을(를) 배치합니다.
01-Jul-2024 17:29:27.993 INFO [main] org.apache.catalina.startup.HostConfig.deployDirectory 웹 애플리케이션 디렉토리 [C:\javaStudy\tomcat9\webapps\host-manager]에 대한 배치가 [28] 밀리초에 완료되었습니다.
01-Jul-2024 17:29:27.995 INFO [main] org.apache.catalina.startup.HostConfig.deployDirectory 웹 애플리케이션 디렉토리 [C:\javaStudy\tomcat9\webapps\manager]을(를) 배치합니다.
01-Jul-2024 17:29:28.021 INFO [main] org.apache.catalina.startup.HostConfig.deployDirectory 웹 애플리케이션 디렉토리 [C:\javaStudy\tomcat9\webapps\manager]에 대한 배치가 [26] 밀리초에 완료되었습니다.
01-Jul-2024 17:29:28.022 INFO [main] org.apache.catalina.startup.HostConfig.deployDirectory 웹 애플리케이션 디렉토리 [C:\javaStudy\tomcat9\webapps\ROOT]을(를) 배치합니다.
01-Jul-2024 17:29:28.039 INFO [main] org.apache.catalina.startup.HostConfig.deployDirectory 웹 애플리케이션 디렉토리 [C:\javaStudy\tomcat9\webapps\ROOT]에 대한 배치가 [17] 밀리초에 완료되었습니다.
01-Jul-2024 17:29:28.044 INFO [main] org.apache.coyote.AbstractProtocol.start 프로토콜 핸들러 ["http-nio-8080"]을(를) 시작합니다.
01-Jul-2024 17:29:28.071 INFO [main] org.apache.catalina.startup.Catalina.start 서버가 [943] 밀리초 내에 시작되었습니다.
01-Jul-2024 17:29:31.366 INFO [main] org.apache.catalina.core.StandardServer.await 셧다운 포트를 통해 유효한 셧다운 명령을 받았습니다. 서버 인스턴스를 중지시킵니다.
01-Jul-2024 17:29:31.369 INFO [main] org.apache.coyote.AbstractProtocol.pause 프로토콜 핸들러 ["http-nio-8080"]을(를) 일시 정지 중
01-Jul-2024 17:29:31.374 INFO [main] org.apache.catalina.core.StandardService.stopInternal 서비스 [Catalina]을(를) 중지시킵니다.
01-Jul-2024 17:29:31.397 INFO [main] org.apache.coyote.AbstractProtocol.stop 프로토콜 핸들러 ["http-nio-8080"]을(를) 중지시킵니다.
01-Jul-2024 17:29:31.412 INFO [main] org.apache.coyote.AbstractProtocol.destroy 프로토콜 핸들러 ["http-nio-8080"]을(를) 소멸시킵니다.
01-Jul-2024 18:10:30.221 INFO [main] org.apache.catalina.startup.VersionLoggerListener.log 서버 버전 이름:    Apache Tomcat/9.0.90
01-Jul-2024 18:10:30.235 INFO [main] org.apache.catalina.startup.VersionLoggerListener.log Server 빌드 시각:  Jun 14 2024 14:45:13 UTC
01-Jul-2024 18:10:30.235 INFO [main] org.apache.catalina.startup.VersionLoggerListener.log Server 버전 번호:  9.0.90.0
01-Jul-2024 18:10:30.235 INFO [main] org.apache.catalina.startup.VersionLoggerListener.log 운영체제 이름:     Windows 10
01-Jul-2024 18:10:30.235 INFO [main] org.apache.catalina.startup.VersionLoggerListener.log 운영체제 버전:     10.0
01-Jul-2024 18:10:30.235 INFO [main] org.apache.catalina.startup.VersionLoggerListener.log 아키텍처:          amd64
01-Jul-2024 18:10:30.235 INFO [main] org.apache.catalina.startup.VersionLoggerListener.log 자바 홈:           C:\Program Files\Java\jdk-17
01-Jul-2024 18:10:30.235 INFO [main] org.apache.catalina.startup.VersionLoggerListener.log JVM 버전:          17.0.11+7-LTS-207
01-Jul-2024 18:10:30.235 INFO [main] org.apache.catalina.startup.VersionLoggerListener.log JVM 벤더:          Oracle Corporation
01-Jul-2024 18:10:30.235 INFO [main] org.apache.catalina.startup.VersionLoggerListener.log CATALINA_BASE:     C:\javaStudy\tomcat9
01-Jul-2024 18:10:30.235 INFO [main] org.apache.catalina.startup.VersionLoggerListener.log CATALINA_HOME:     C:\javaStudy\tomcat9
01-Jul-2024 18:10:30.243 INFO [main] org.apache.catalina.startup.VersionLoggerListener.log 명령 행 아규먼트:  --add-opens=java.base/java.lang=ALL-UNNAMED
01-Jul-2024 18:10:30.243 INFO [main] org.apache.catalina.startup.VersionLoggerListener.log 명령 행 아규먼트:  --add-opens=java.base/java.io=ALL-UNNAMED
01-Jul-2024 18:10:30.243 INFO [main] org.apache.catalina.startup.VersionLoggerListener.log 명령 행 아규먼트:  --add-opens=java.base/java.util=ALL-UNNAMED
01-Jul-2024 18:10:30.243 INFO [main] org.apache.catalina.startup.VersionLoggerListener.log 명령 행 아규먼트:  --add-opens=java.base/java.util.concurrent=ALL-UNNAMED
01-Jul-2024 18:10:30.243 INFO [main] org.apache.catalina.startup.VersionLoggerListener.log 명령 행 아규먼트:  --add-opens=java.rmi/sun.rmi.transport=ALL-UNNAMED
01-Jul-2024 18:10:30.243 INFO [main] org.apache.catalina.startup.VersionLoggerListener.log 명령 행 아규먼트:  -Djava.util.logging.config.file=C:\javaStudy\tomcat9\conf\logging.properties
01-Jul-2024 18:10:30.243 INFO [main] org.apache.catalina.startup.VersionLoggerListener.log 명령 행 아규먼트:  -Djava.util.logging.manager=org.apache.juli.ClassLoaderLogManager
01-Jul-2024 18:10:30.243 INFO [main] org.apache.catalina.startup.VersionLoggerListener.log 명령 행 아규먼트:  -Djdk.tls.ephemeralDHKeySize=2048
01-Jul-2024 18:10:30.243 INFO [main] org.apache.catalina.startup.VersionLoggerListener.log 명령 행 아규먼트:  -Djava.protocol.handler.pkgs=org.apache.catalina.webresources
01-Jul-2024 18:10:30.243 INFO [main] org.apache.catalina.startup.VersionLoggerListener.log 명령 행 아규먼트:  -Dignore.endorsed.dirs=
01-Jul-2024 18:10:30.243 INFO [main] org.apache.catalina.startup.VersionLoggerListener.log 명령 행 아규먼트:  -Dcatalina.base=C:\javaStudy\tomcat9
01-Jul-2024 18:10:30.243 INFO [main] org.apache.catalina.startup.VersionLoggerListener.log 명령 행 아규먼트:  -Dcatalina.home=C:\javaStudy\tomcat9
01-Jul-2024 18:10:30.243 INFO [main] org.apache.catalina.startup.VersionLoggerListener.log 명령 행 아규먼트:  -Djava.io.tmpdir=C:\javaStudy\tomcat9\temp
01-Jul-2024 18:10:30.243 INFO [main] org.apache.catalina.core.AprLifecycleListener.lifecycleEvent APR 버전 [1.7.4]을(를) 사용한, APR 기반 Apache Tomcat Native 라이브러리 [1.3.0]을(를) 로드했습니다.
01-Jul-2024 18:10:30.243 INFO [main] org.apache.catalina.core.AprLifecycleListener.lifecycleEvent APR 용량정보들: IPv6 [true], sendfile [true], accept filters [false], random [true], UDS [true].
01-Jul-2024 18:10:30.243 INFO [main] org.apache.catalina.core.AprLifecycleListener.lifecycleEvent APR/OpenSSL 설정: useAprConnector [false], useOpenSSL [true]
01-Jul-2024 18:10:30.243 INFO [main] org.apache.catalina.core.AprLifecycleListener.initializeSSL OpenSSL이 성공적으로 초기화되었습니다: [OpenSSL 3.0.13 30 Jan 2024]
01-Jul-2024 18:10:30.430 INFO [main] org.apache.coyote.AbstractProtocol.init 프로토콜 핸들러 ["http-nio-8080"]을(를) 초기화합니다.
01-Jul-2024 18:10:30.446 INFO [main] org.apache.catalina.startup.Catalina.load [364] 밀리초 내에 서버가 초기화되었습니다.
01-Jul-2024 18:10:30.477 INFO [main] org.apache.catalina.core.StandardService.startInternal 서비스 [Catalina]을(를) 시작합니다.
01-Jul-2024 18:10:30.477 INFO [main] org.apache.catalina.core.StandardEngine.startInternal 서버 엔진을 시작합니다: [Apache Tomcat/9.0.90]
01-Jul-2024 18:10:30.493 INFO [main] org.apache.catalina.startup.HostConfig.deployDirectory 웹 애플리케이션 디렉토리 [C:\javaStudy\tomcat9\webapps\docs]을(를) 배치합니다.
01-Jul-2024 18:10:30.711 INFO [main] org.apache.catalina.startup.HostConfig.deployDirectory 웹 애플리케이션 디렉토리 [C:\javaStudy\tomcat9\webapps\docs]에 대한 배치가 [203] 밀리초에 완료되었습니다.
01-Jul-2024 18:10:30.711 INFO [main] org.apache.catalina.startup.HostConfig.deployDirectory 웹 애플리케이션 디렉토리 [C:\javaStudy\tomcat9\webapps\examples]을(를) 배치합니다.
01-Jul-2024 18:10:30.993 INFO [main] org.apache.catalina.startup.HostConfig.deployDirectory 웹 애플리케이션 디렉토리 [C:\javaStudy\tomcat9\webapps\examples]에 대한 배치가 [282] 밀리초에 완료되었습니다.
01-Jul-2024 18:10:30.993 INFO [main] org.apache.catalina.startup.HostConfig.deployDirectory 웹 애플리케이션 디렉토리 [C:\javaStudy\tomcat9\webapps\host-manager]을(를) 배치합니다.
01-Jul-2024 18:10:31.024 INFO [main] org.apache.catalina.startup.HostConfig.deployDirectory 웹 애플리케이션 디렉토리 [C:\javaStudy\tomcat9\webapps\host-manager]에 대한 배치가 [31] 밀리초에 완료되었습니다.
01-Jul-2024 18:10:31.024 INFO [main] org.apache.catalina.startup.HostConfig.deployDirectory 웹 애플리케이션 디렉토리 [C:\javaStudy\tomcat9\webapps\manager]을(를) 배치합니다.
01-Jul-2024 18:10:31.055 INFO [main] org.apache.catalina.startup.HostConfig.deployDirectory 웹 애플리케이션 디렉토리 [C:\javaStudy\tomcat9\webapps\manager]에 대한 배치가 [15] 밀리초에 완료되었습니다.
01-Jul-2024 18:10:31.055 INFO [main] org.apache.catalina.startup.HostConfig.deployDirectory 웹 애플리케이션 디렉토리 [C:\javaStudy\tomcat9\webapps\ROOT]을(를) 배치합니다.
01-Jul-2024 18:10:31.071 INFO [main] org.apache.catalina.startup.HostConfig.deployDirectory 웹 애플리케이션 디렉토리 [C:\javaStudy\tomcat9\webapps\ROOT]에 대한 배치가 [16] 밀리초에 완료되었습니다.
01-Jul-2024 18:10:31.071 INFO [main] org.apache.coyote.AbstractProtocol.start 프로토콜 핸들러 ["http-nio-8080"]을(를) 시작합니다.
01-Jul-2024 18:10:31.086 INFO [main] org.apache.catalina.startup.Catalina.start 서버가 [645] 밀리초 내에 시작되었습니다.
01-Jul-2024 18:10:31.617 INFO [main] org.apache.catalina.core.StandardServer.await 셧다운 포트를 통해 유효한 셧다운 명령을 받았습니다. 서버 인스턴스를 중지시킵니다.
01-Jul-2024 18:10:31.617 INFO [main] org.apache.coyote.AbstractProtocol.pause 프로토콜 핸들러 ["http-nio-8080"]을(를) 일시 정지 중
01-Jul-2024 18:10:31.633 INFO [main] org.apache.catalina.core.StandardService.stopInternal 서비스 [Catalina]을(를) 중지시킵니다.
01-Jul-2024 18:10:31.645 INFO [main] org.apache.coyote.AbstractProtocol.stop 프로토콜 핸들러 ["http-nio-8080"]을(를) 중지시킵니다.
01-Jul-2024 18:10:31.661 INFO [main] org.apache.coyote.AbstractProtocol.destroy 프로토콜 핸들러 ["http-nio-8080"]을(를) 소멸시킵니다.
