24-Jun-2024 18:05:46.122 INFO [main] org.apache.catalina.startup.VersionLoggerListener.log 서버 버전 이름:    Apache Tomcat/9.0.90
24-Jun-2024 18:05:46.138 INFO [main] org.apache.catalina.startup.VersionLoggerListener.log Server 빌드 시각:  Jun 14 2024 14:45:13 UTC
24-Jun-2024 18:05:46.138 INFO [main] org.apache.catalina.startup.VersionLoggerListener.log Server 버전 번호:  9.0.90.0
24-Jun-2024 18:05:46.138 INFO [main] org.apache.catalina.startup.VersionLoggerListener.log 운영체제 이름:     Windows 10
24-Jun-2024 18:05:46.138 INFO [main] org.apache.catalina.startup.VersionLoggerListener.log 운영체제 버전:     10.0
24-Jun-2024 18:05:46.138 INFO [main] org.apache.catalina.startup.VersionLoggerListener.log 아키텍처:          amd64
24-Jun-2024 18:05:46.138 INFO [main] org.apache.catalina.startup.VersionLoggerListener.log 자바 홈:           C:\Program Files\Java\jdk-17
24-Jun-2024 18:05:46.138 INFO [main] org.apache.catalina.startup.VersionLoggerListener.log JVM 버전:          17.0.11+7-LTS-207
24-Jun-2024 18:05:46.138 INFO [main] org.apache.catalina.startup.VersionLoggerListener.log JVM 벤더:          Oracle Corporation
24-Jun-2024 18:05:46.138 INFO [main] org.apache.catalina.startup.VersionLoggerListener.log CATALINA_BASE:     C:\javaStudy\tomcat9
24-Jun-2024 18:05:46.138 INFO [main] org.apache.catalina.startup.VersionLoggerListener.log CATALINA_HOME:     C:\javaStudy\tomcat9
24-Jun-2024 18:05:46.153 INFO [main] org.apache.catalina.startup.VersionLoggerListener.log 명령 행 아규먼트:  --add-opens=java.base/java.lang=ALL-UNNAMED
24-Jun-2024 18:05:46.153 INFO [main] org.apache.catalina.startup.VersionLoggerListener.log 명령 행 아규먼트:  --add-opens=java.base/java.io=ALL-UNNAMED
24-Jun-2024 18:05:46.153 INFO [main] org.apache.catalina.startup.VersionLoggerListener.log 명령 행 아규먼트:  --add-opens=java.base/java.util=ALL-UNNAMED
24-Jun-2024 18:05:46.153 INFO [main] org.apache.catalina.startup.VersionLoggerListener.log 명령 행 아규먼트:  --add-opens=java.base/java.util.concurrent=ALL-UNNAMED
24-Jun-2024 18:05:46.153 INFO [main] org.apache.catalina.startup.VersionLoggerListener.log 명령 행 아규먼트:  --add-opens=java.rmi/sun.rmi.transport=ALL-UNNAMED
24-Jun-2024 18:05:46.153 INFO [main] org.apache.catalina.startup.VersionLoggerListener.log 명령 행 아규먼트:  -Djava.util.logging.config.file=C:\javaStudy\tomcat9\conf\logging.properties
24-Jun-2024 18:05:46.153 INFO [main] org.apache.catalina.startup.VersionLoggerListener.log 명령 행 아규먼트:  -Djava.util.logging.manager=org.apache.juli.ClassLoaderLogManager
24-Jun-2024 18:05:46.153 INFO [main] org.apache.catalina.startup.VersionLoggerListener.log 명령 행 아규먼트:  -Djdk.tls.ephemeralDHKeySize=2048
24-Jun-2024 18:05:46.153 INFO [main] org.apache.catalina.startup.VersionLoggerListener.log 명령 행 아규먼트:  -Djava.protocol.handler.pkgs=org.apache.catalina.webresources
24-Jun-2024 18:05:46.153 INFO [main] org.apache.catalina.startup.VersionLoggerListener.log 명령 행 아규먼트:  -Dignore.endorsed.dirs=
24-Jun-2024 18:05:46.153 INFO [main] org.apache.catalina.startup.VersionLoggerListener.log 명령 행 아규먼트:  -Dcatalina.base=C:\javaStudy\tomcat9
24-Jun-2024 18:05:46.153 INFO [main] org.apache.catalina.startup.VersionLoggerListener.log 명령 행 아규먼트:  -Dcatalina.home=C:\javaStudy\tomcat9
24-Jun-2024 18:05:46.153 INFO [main] org.apache.catalina.startup.VersionLoggerListener.log 명령 행 아규먼트:  -Djava.io.tmpdir=C:\javaStudy\tomcat9\temp
24-Jun-2024 18:05:46.278 INFO [main] org.apache.catalina.core.AprLifecycleListener.lifecycleEvent APR 버전 [1.7.4]을(를) 사용한, APR 기반 Apache Tomcat Native 라이브러리 [1.3.0]을(를) 로드했습니다.
24-Jun-2024 18:05:46.278 INFO [main] org.apache.catalina.core.AprLifecycleListener.lifecycleEvent APR 용량정보들: IPv6 [true], sendfile [true], accept filters [false], random [true], UDS [true].
24-Jun-2024 18:05:46.278 INFO [main] org.apache.catalina.core.AprLifecycleListener.lifecycleEvent APR/OpenSSL 설정: useAprConnector [false], useOpenSSL [true]
24-Jun-2024 18:05:46.294 INFO [main] org.apache.catalina.core.AprLifecycleListener.initializeSSL OpenSSL이 성공적으로 초기화되었습니다: [OpenSSL 3.0.13 30 Jan 2024]
24-Jun-2024 18:05:46.512 INFO [main] org.apache.coyote.AbstractProtocol.init 프로토콜 핸들러 ["http-nio-8080"]을(를) 초기화합니다.
24-Jun-2024 18:05:46.544 INFO [main] org.apache.catalina.startup.Catalina.load [594] 밀리초 내에 서버가 초기화되었습니다.
24-Jun-2024 18:05:46.575 INFO [main] org.apache.catalina.core.StandardService.startInternal 서비스 [Catalina]을(를) 시작합니다.
24-Jun-2024 18:05:46.575 INFO [main] org.apache.catalina.core.StandardEngine.startInternal 서버 엔진을 시작합니다: [Apache Tomcat/9.0.90]
24-Jun-2024 18:05:46.590 INFO [main] org.apache.catalina.startup.HostConfig.deployDirectory 웹 애플리케이션 디렉토리 [C:\javaStudy\tomcat9\webapps\docs]을(를) 배치합니다.
24-Jun-2024 18:05:46.856 INFO [main] org.apache.catalina.startup.HostConfig.deployDirectory 웹 애플리케이션 디렉토리 [C:\javaStudy\tomcat9\webapps\docs]에 대한 배치가 [266] 밀리초에 완료되었습니다.
24-Jun-2024 18:05:46.856 INFO [main] org.apache.catalina.startup.HostConfig.deployDirectory 웹 애플리케이션 디렉토리 [C:\javaStudy\tomcat9\webapps\examples]을(를) 배치합니다.
24-Jun-2024 18:05:47.371 INFO [main] org.apache.catalina.startup.HostConfig.deployDirectory 웹 애플리케이션 디렉토리 [C:\javaStudy\tomcat9\webapps\examples]에 대한 배치가 [515] 밀리초에 완료되었습니다.
24-Jun-2024 18:05:47.387 INFO [main] org.apache.catalina.startup.HostConfig.deployDirectory 웹 애플리케이션 디렉토리 [C:\javaStudy\tomcat9\webapps\host-manager]을(를) 배치합니다.
24-Jun-2024 18:05:47.403 INFO [main] org.apache.catalina.startup.HostConfig.deployDirectory 웹 애플리케이션 디렉토리 [C:\javaStudy\tomcat9\webapps\host-manager]에 대한 배치가 [16] 밀리초에 완료되었습니다.
24-Jun-2024 18:05:47.403 INFO [main] org.apache.catalina.startup.HostConfig.deployDirectory 웹 애플리케이션 디렉토리 [C:\javaStudy\tomcat9\webapps\manager]을(를) 배치합니다.
24-Jun-2024 18:05:47.434 INFO [main] org.apache.catalina.startup.HostConfig.deployDirectory 웹 애플리케이션 디렉토리 [C:\javaStudy\tomcat9\webapps\manager]에 대한 배치가 [31] 밀리초에 완료되었습니다.
24-Jun-2024 18:05:47.434 INFO [main] org.apache.catalina.startup.HostConfig.deployDirectory 웹 애플리케이션 디렉토리 [C:\javaStudy\tomcat9\webapps\ROOT]을(를) 배치합니다.
24-Jun-2024 18:05:47.450 INFO [main] org.apache.catalina.startup.HostConfig.deployDirectory 웹 애플리케이션 디렉토리 [C:\javaStudy\tomcat9\webapps\ROOT]에 대한 배치가 [16] 밀리초에 완료되었습니다.
24-Jun-2024 18:05:47.450 INFO [main] org.apache.coyote.AbstractProtocol.start 프로토콜 핸들러 ["http-nio-8080"]을(를) 시작합니다.
24-Jun-2024 18:05:47.481 INFO [main] org.apache.catalina.startup.Catalina.start 서버가 [950] 밀리초 내에 시작되었습니다.
24-Jun-2024 18:06:38.797 INFO [main] org.apache.catalina.core.StandardServer.await 셧다운 포트를 통해 유효한 셧다운 명령을 받았습니다. 서버 인스턴스를 중지시킵니다.
24-Jun-2024 18:06:38.797 INFO [main] org.apache.coyote.AbstractProtocol.pause 프로토콜 핸들러 ["http-nio-8080"]을(를) 일시 정지 중
24-Jun-2024 18:06:38.797 INFO [main] org.apache.catalina.core.StandardService.stopInternal 서비스 [Catalina]을(를) 중지시킵니다.
24-Jun-2024 18:06:38.822 INFO [main] org.apache.coyote.AbstractProtocol.stop 프로토콜 핸들러 ["http-nio-8080"]을(를) 중지시킵니다.
24-Jun-2024 18:06:38.838 INFO [main] org.apache.coyote.AbstractProtocol.destroy 프로토콜 핸들러 ["http-nio-8080"]을(를) 소멸시킵니다.
24-Jun-2024 18:06:44.747 INFO [main] org.apache.catalina.startup.VersionLoggerListener.log 서버 버전 이름:    Apache Tomcat/9.0.90
24-Jun-2024 18:06:44.760 INFO [main] org.apache.catalina.startup.VersionLoggerListener.log Server 빌드 시각:  Jun 14 2024 14:45:13 UTC
24-Jun-2024 18:06:44.760 INFO [main] org.apache.catalina.startup.VersionLoggerListener.log Server 버전 번호:  9.0.90.0
24-Jun-2024 18:06:44.760 INFO [main] org.apache.catalina.startup.VersionLoggerListener.log 운영체제 이름:     Windows 10
24-Jun-2024 18:06:44.760 INFO [main] org.apache.catalina.startup.VersionLoggerListener.log 운영체제 버전:     10.0
24-Jun-2024 18:06:44.760 INFO [main] org.apache.catalina.startup.VersionLoggerListener.log 아키텍처:          amd64
24-Jun-2024 18:06:44.760 INFO [main] org.apache.catalina.startup.VersionLoggerListener.log 자바 홈:           C:\Program Files\Java\jdk-17
24-Jun-2024 18:06:44.760 INFO [main] org.apache.catalina.startup.VersionLoggerListener.log JVM 버전:          17.0.11+7-LTS-207
24-Jun-2024 18:06:44.760 INFO [main] org.apache.catalina.startup.VersionLoggerListener.log JVM 벤더:          Oracle Corporation
24-Jun-2024 18:06:44.760 INFO [main] org.apache.catalina.startup.VersionLoggerListener.log CATALINA_BASE:     C:\javaStudy\tomcat9
24-Jun-2024 18:06:44.760 INFO [main] org.apache.catalina.startup.VersionLoggerListener.log CATALINA_HOME:     C:\javaStudy\tomcat9
24-Jun-2024 18:06:44.769 INFO [main] org.apache.catalina.startup.VersionLoggerListener.log 명령 행 아규먼트:  --add-opens=java.base/java.lang=ALL-UNNAMED
24-Jun-2024 18:06:44.769 INFO [main] org.apache.catalina.startup.VersionLoggerListener.log 명령 행 아규먼트:  --add-opens=java.base/java.io=ALL-UNNAMED
24-Jun-2024 18:06:44.769 INFO [main] org.apache.catalina.startup.VersionLoggerListener.log 명령 행 아규먼트:  --add-opens=java.base/java.util=ALL-UNNAMED
24-Jun-2024 18:06:44.769 INFO [main] org.apache.catalina.startup.VersionLoggerListener.log 명령 행 아규먼트:  --add-opens=java.base/java.util.concurrent=ALL-UNNAMED
24-Jun-2024 18:06:44.769 INFO [main] org.apache.catalina.startup.VersionLoggerListener.log 명령 행 아규먼트:  --add-opens=java.rmi/sun.rmi.transport=ALL-UNNAMED
24-Jun-2024 18:06:44.769 INFO [main] org.apache.catalina.startup.VersionLoggerListener.log 명령 행 아규먼트:  -Djava.util.logging.config.file=C:\javaStudy\tomcat9\conf\logging.properties
24-Jun-2024 18:06:44.769 INFO [main] org.apache.catalina.startup.VersionLoggerListener.log 명령 행 아규먼트:  -Djava.util.logging.manager=org.apache.juli.ClassLoaderLogManager
24-Jun-2024 18:06:44.769 INFO [main] org.apache.catalina.startup.VersionLoggerListener.log 명령 행 아규먼트:  -Djdk.tls.ephemeralDHKeySize=2048
24-Jun-2024 18:06:44.769 INFO [main] org.apache.catalina.startup.VersionLoggerListener.log 명령 행 아규먼트:  -Djava.protocol.handler.pkgs=org.apache.catalina.webresources
24-Jun-2024 18:06:44.769 INFO [main] org.apache.catalina.startup.VersionLoggerListener.log 명령 행 아규먼트:  -Dignore.endorsed.dirs=
24-Jun-2024 18:06:44.769 INFO [main] org.apache.catalina.startup.VersionLoggerListener.log 명령 행 아규먼트:  -Dcatalina.base=C:\javaStudy\tomcat9
24-Jun-2024 18:06:44.769 INFO [main] org.apache.catalina.startup.VersionLoggerListener.log 명령 행 아규먼트:  -Dcatalina.home=C:\javaStudy\tomcat9
24-Jun-2024 18:06:44.769 INFO [main] org.apache.catalina.startup.VersionLoggerListener.log 명령 행 아규먼트:  -Djava.io.tmpdir=C:\javaStudy\tomcat9\temp
24-Jun-2024 18:06:44.769 INFO [main] org.apache.catalina.core.AprLifecycleListener.lifecycleEvent APR 버전 [1.7.4]을(를) 사용한, APR 기반 Apache Tomcat Native 라이브러리 [1.3.0]을(를) 로드했습니다.
24-Jun-2024 18:06:44.769 INFO [main] org.apache.catalina.core.AprLifecycleListener.lifecycleEvent APR 용량정보들: IPv6 [true], sendfile [true], accept filters [false], random [true], UDS [true].
24-Jun-2024 18:06:44.769 INFO [main] org.apache.catalina.core.AprLifecycleListener.lifecycleEvent APR/OpenSSL 설정: useAprConnector [false], useOpenSSL [true]
24-Jun-2024 18:06:44.769 INFO [main] org.apache.catalina.core.AprLifecycleListener.initializeSSL OpenSSL이 성공적으로 초기화되었습니다: [OpenSSL 3.0.13 30 Jan 2024]
24-Jun-2024 18:06:44.956 INFO [main] org.apache.coyote.AbstractProtocol.init 프로토콜 핸들러 ["http-nio-8080"]을(를) 초기화합니다.
24-Jun-2024 18:06:44.972 INFO [main] org.apache.catalina.startup.Catalina.load [353] 밀리초 내에 서버가 초기화되었습니다.
24-Jun-2024 18:06:45.003 INFO [main] org.apache.catalina.core.StandardService.startInternal 서비스 [Catalina]을(를) 시작합니다.
24-Jun-2024 18:06:45.003 INFO [main] org.apache.catalina.core.StandardEngine.startInternal 서버 엔진을 시작합니다: [Apache Tomcat/9.0.90]
24-Jun-2024 18:06:45.003 INFO [main] org.apache.catalina.startup.HostConfig.deployDirectory 웹 애플리케이션 디렉토리 [C:\javaStudy\tomcat9\webapps\docs]을(를) 배치합니다.
24-Jun-2024 18:06:45.222 INFO [main] org.apache.catalina.startup.HostConfig.deployDirectory 웹 애플리케이션 디렉토리 [C:\javaStudy\tomcat9\webapps\docs]에 대한 배치가 [219] 밀리초에 완료되었습니다.
24-Jun-2024 18:06:45.222 INFO [main] org.apache.catalina.startup.HostConfig.deployDirectory 웹 애플리케이션 디렉토리 [C:\javaStudy\tomcat9\webapps\examples]을(를) 배치합니다.
24-Jun-2024 18:06:45.503 INFO [main] org.apache.catalina.startup.HostConfig.deployDirectory 웹 애플리케이션 디렉토리 [C:\javaStudy\tomcat9\webapps\examples]에 대한 배치가 [281] 밀리초에 완료되었습니다.
24-Jun-2024 18:06:45.503 INFO [main] org.apache.catalina.startup.HostConfig.deployDirectory 웹 애플리케이션 디렉토리 [C:\javaStudy\tomcat9\webapps\host-manager]을(를) 배치합니다.
24-Jun-2024 18:06:45.534 INFO [main] org.apache.catalina.startup.HostConfig.deployDirectory 웹 애플리케이션 디렉토리 [C:\javaStudy\tomcat9\webapps\host-manager]에 대한 배치가 [31] 밀리초에 완료되었습니다.
24-Jun-2024 18:06:45.534 INFO [main] org.apache.catalina.startup.HostConfig.deployDirectory 웹 애플리케이션 디렉토리 [C:\javaStudy\tomcat9\webapps\manager]을(를) 배치합니다.
24-Jun-2024 18:06:45.550 INFO [main] org.apache.catalina.startup.HostConfig.deployDirectory 웹 애플리케이션 디렉토리 [C:\javaStudy\tomcat9\webapps\manager]에 대한 배치가 [16] 밀리초에 완료되었습니다.
24-Jun-2024 18:06:45.550 INFO [main] org.apache.catalina.startup.HostConfig.deployDirectory 웹 애플리케이션 디렉토리 [C:\javaStudy\tomcat9\webapps\ROOT]을(를) 배치합니다.
24-Jun-2024 18:06:45.565 INFO [main] org.apache.catalina.startup.HostConfig.deployDirectory 웹 애플리케이션 디렉토리 [C:\javaStudy\tomcat9\webapps\ROOT]에 대한 배치가 [15] 밀리초에 완료되었습니다.
24-Jun-2024 18:06:45.581 INFO [main] org.apache.coyote.AbstractProtocol.start 프로토콜 핸들러 ["http-nio-8080"]을(를) 시작합니다.
24-Jun-2024 18:06:45.597 INFO [main] org.apache.catalina.startup.Catalina.start 서버가 [633] 밀리초 내에 시작되었습니다.
24-Jun-2024 18:07:23.228 INFO [main] org.apache.catalina.core.StandardServer.await 셧다운 포트를 통해 유효한 셧다운 명령을 받았습니다. 서버 인스턴스를 중지시킵니다.
